<?xml version="1.0" encoding="UTF-8" ?>
<testsuites>
  <testsuite errors="0" failures="0" hostname="crunk" id="0" name="PasswordUtilsTest" package="com.luv2code.password.util" skipped="0" tests="8" time="0.02" timestamp="2021-06-23T14:45:55">
      <properties>
[...]
</properties>

      <testcase classname="com.luv2code.password.util.PasswordUtilsTest" name="validatePassword_Missing_OneSymbol" time="0.002" />

      <testcase classname="com.luv2code.password.util.PasswordUtilsTest" name="validatePassword_AllRulesMet" time="0.0" />

      <testcase classname="com.luv2code.password.util.PasswordUtilsTest" name="validatePassword_LengthTooLong" time="0.0" />

      <testcase classname="com.luv2code.password.util.PasswordUtilsTest" name="validatePassword_Null" time="0.0" />

      <testcase classname="com.luv2code.password.util.PasswordUtilsTest" name="validatePassword_Missing_OneNumber" time="0.0" />

      <testcase classname="com.luv2code.password.util.PasswordUtilsTest" name="validatePassword_EmptyString" time="0.0" />

      <testcase classname="com.luv2code.password.util.PasswordUtilsTest" name="validatePassword_Missing_OneLowerCaseLetter" time="0.0" />

      <testcase classname="com.luv2code.password.util.PasswordUtilsTest" name="validatePassword_Missing_OneUpperCaseLetter" time="0.0" />

      <system-out><![CDATA[]]></system-out>

      <system-err><![CDATA[]]></system-err>

  </testsuite>
</testsuites>
